  main.cpp
C:\Users\Z\source\repos\snmp\snmp\icmp.h(7,1): warning C4005: “_WINSOCK_DEPRECATED_NO_WARNINGS”: 宏重定义
C:\Users\Z\source\repos\snmp\snmp\main.cpp : message : 参见“_WINSOCK_DEPRECATED_NO_WARNINGS”的前一个定义
C:\Users\Z\source\repos\snmp\snmp\basic.h(4,1): warning C4005: “WIN32”: 宏重定义
C:\Users\Z\source\repos\snmp\snmp\main.cpp : message : 参见“WIN32”的前一个定义
C:\Users\Z\source\repos\snmp\snmp\basic.h(5,1): warning C4005: “_CRT_SECURE_NO_WARNINGS”: 宏重定义
C:\Users\Z\source\repos\snmp\snmp\main.cpp : message : 参见“_CRT_SECURE_NO_WARNINGS”的前一个定义
C:\Users\Z\source\repos\snmp\snmp\basic.h(6,1): warning C4005: “WIN32_LEAN_AND_MEAN”: 宏重定义
C:\Users\Z\source\repos\snmp\snmp\main.cpp : message : 参见“WIN32_LEAN_AND_MEAN”的前一个定义
C:\Users\Z\source\repos\snmp\snmp\basic.h(259,27): warning C4101: “i”: 未引用的局部变量
C:\Users\Z\source\repos\snmp\snmp\basic.h(259,21): warning C4101: “addr”: 未引用的局部变量
C:\Users\Z\source\repos\snmp\snmp\basic.h(333,18): warning C4101: “PortStart”: 未引用的局部变量
C:\Users\Z\source\repos\snmp\snmp\basic.h(333,9): warning C4101: “PortEnd”: 未引用的局部变量
C:\Users\Z\source\repos\snmp\snmp\basic.h(583,20): warning C4018: “<”: 有符号/无符号不匹配
C:\Users\Z\source\repos\snmp\snmp\basic.h(594,20): warning C4018: “<”: 有符号/无符号不匹配
C:\Users\Z\source\repos\snmp\snmp\basic.h(592,10): warning C4101: “mAddr”: 未引用的局部变量
C:\Users\Z\source\repos\snmp\snmp\basic.h(603,20): warning C4018: “<”: 有符号/无符号不匹配
C:\Users\Z\source\repos\snmp\snmp\basic.h(601,10): warning C4101: “mAddr”: 未引用的局部变量
C:\Users\Z\source\repos\snmp\snmp\icmp.h(73,29): warning C4244: “=”: 从“unsigned long”转换到“unsigned short”，可能丢失数据
C:\Users\Z\source\repos\snmp\snmp\icmp.h(153,20): warning C4018: “<”: 有符号/无符号不匹配
C:\Users\Z\source\repos\snmp\snmp\icmp.h(162,20): warning C4018: “<”: 有符号/无符号不匹配
C:\Users\Z\source\repos\snmp\snmp\icmp.h(235,14): warning C4101: “tick”: 未引用的局部变量
C:\Users\Z\source\repos\snmp\snmp\icmp.h(235,20): warning C4101: “i”: 未引用的局部变量
C:\Users\Z\source\repos\snmp\snmp\icmp.h(236,10): warning C4101: “wsa”: 未引用的局部变量
C:\Users\Z\source\repos\snmp\snmp\icmp.h(313,20): warning C4018: “<”: 有符号/无符号不匹配
C:\Users\Z\source\repos\snmp\snmp\icmp.h(349,22): warning C4018: “<”: 有符号/无符号不匹配
C:\Users\Z\source\repos\snmp\snmp\icmp.h(392,14): warning C4101: “tick”: 未引用的局部变量
C:\Users\Z\source\repos\snmp\snmp\icmp.h(392,20): warning C4101: “i”: 未引用的局部变量
C:\Users\Z\source\repos\snmp\snmp\icmp.h(393,10): warning C4101: “wsa”: 未引用的局部变量
C:\Users\Z\source\repos\snmp\snmp\scan.h(202,18): warning C4018: “<”: 有符号/无符号不匹配
C:\Users\Z\source\repos\snmp\snmp\scan.h(211,18): warning C4018: “<”: 有符号/无符号不匹配
C:\Users\Z\source\repos\snmp\snmp\scan.h(216,18): warning C4018: “<”: 有符号/无符号不匹配
C:\Users\Z\source\repos\snmp\snmp\scan.h(225,18): warning C4018: “<”: 有符号/无符号不匹配
C:\Users\Z\source\repos\snmp\snmp\scan.h(231,18): warning C4018: “<”: 有符号/无符号不匹配
C:\Users\Z\source\repos\snmp\snmp\scan.h(237,18): warning C4018: “<”: 有符号/无符号不匹配
C:\Users\Z\source\repos\snmp\snmp\scan.h(258,17): warning C4018: “<”: 有符号/无符号不匹配
C:\Users\Z\source\repos\snmp\snmp\scan.h(267,17): warning C4018: “<”: 有符号/无符号不匹配
C:\Users\Z\source\repos\snmp\snmp\scan.h(282,18): warning C4018: “<”: 有符号/无符号不匹配
C:\Users\Z\source\repos\snmp\snmp\scan.h(298,18): warning C4018: “<”: 有符号/无符号不匹配
C:\Users\Z\source\repos\snmp\snmp\scan.h(300,52): warning C4018: “<=”: 有符号/无符号不匹配
C:\Users\Z\source\repos\snmp\snmp\scan.h(318,18): warning C4018: “<”: 有符号/无符号不匹配
C:\Users\Z\source\repos\snmp\snmp\scan.h(320,52): warning C4018: “<=”: 有符号/无符号不匹配
C:\Users\Z\source\repos\snmp\snmp\scan.h(340,19): warning C4018: “<”: 有符号/无符号不匹配
C:\Users\Z\source\repos\snmp\snmp\scan.h(367,18): warning C4018: “<”: 有符号/无符号不匹配
C:\Users\Z\source\repos\snmp\snmp\scan.h(369,52): warning C4018: “<=”: 有符号/无符号不匹配
C:\Users\Z\source\repos\snmp\snmp\scan.h(399,20): warning C4018: “<”: 有符号/无符号不匹配
C:\Users\Z\source\repos\snmp\snmp\scan.h(409,14): warning C4018: “<”: 有符号/无符号不匹配
C:\Users\Z\source\repos\snmp\snmp\main.cpp(23,20): warning C4018: “<”: 有符号/无符号不匹配
  正在生成代码
  Previous IPDB not found, fall back to full compilation.
C:\Users\Z\source\repos\snmp\snmp\basic.h(532): warning C4715: “SnmpScan”: 不是所有的控件路径都返回值
  All 1536 functions were compiled because no usable IPDB/IOBJ from previous compilation was found.
  已完成代码的生成
  snmp.vcxproj -> C:\Users\Z\source\repos\snmp\Release\snmp.exe
